# JRE version: OpenJDK Runtime Environment (21.0.3) (build 21.0.3+-12282718-b509.11)
# Java VM: OpenJDK 64-Bit Server VM (21.0.3+-12282718-b509.11, mixed mode, tiered, compressed oops, compressed class ptrs, g1 gc, windows-amd64)
GC Precious Log:
 CardTable entry size: 512
 Card Set container configuration: InlinePtr #cards 5 size 8 Array Of Cards #cards 12 size 40 Howl #buckets 4 coarsen threshold 1843 Howl Bitmap #cards 512 size 80 coarsen threshold 460 Card regions per heap region 1 cards per card region 2048
 CPUs: 16 total, 16 available
 Memory: 15775M
 Large Page Support: Disabled
 NUMA Support: Disabled
 Compressed Oops: Enabled (32-bit)
 Heap Region Size: 1M
 Heap Min Capacity: 8M
 Heap Initial Capacity: 248M
 Heap Max Capacity: 2G
 Pre-touch: Disabled
 Parallel Workers: 13
 Concurrent Workers: 3
 Concurrent Refinement Workers: 13
 Periodic GC: Disabled
Heap:
 garbage-first heap   total 219136K, used 148817K [0x0000000080000000, 0x0000000100000000)
  region size 1024K, 43 young (44032K), 8 survivors (8192K)
 Metaspace       used 136824K, committed 139136K, reserved 1179648K
  class space    used 19029K, committed 20224K, reserved 1048576K
GC Heap History (20 events):
Event: 12.257 GC heap before
{Heap before GC invocations=31 (full 0):
 garbage-first heap   total 145408K, used 127513K [0x0000000080000000, 0x0000000100000000)
  region size 1024K, 48 young (49152K), 5 survivors (5120K)
 Metaspace       used 104378K, committed 106368K, reserved 1179648K
  class space    used 14350K, committed 15360K, reserved 1048576K
}
Event: 12.261 GC heap after
{Heap after GC invocations=32 (full 0):
 garbage-first heap   total 145408K, used 86181K [0x0000000080000000, 0x0000000100000000)
  region size 1024K, 6 young (6144K), 6 survivors (6144K)
 Metaspace       used 104378K, committed 106368K, reserved 1179648K
  class space    used 14350K, committed 15360K, reserved 1048576K
}
Event: 12.928 GC heap before
{Heap before GC invocations=32 (full 0):
 garbage-first heap   total 145408K, used 130213K [0x0000000080000000, 0x0000000100000000)
  region size 1024K, 49 young (50176K), 6 survivors (6144K)
 Metaspace       used 108678K, committed 110720K, reserved 1179648K
  class space    used 14959K, committed 16000K, reserved 1048576K
}
Event: 12.936 GC heap after
{Heap after GC invocations=33 (full 0):
 garbage-first heap   total 145408K, used 87773K [0x0000000080000000, 0x0000000100000000)
  region size 1024K, 6 young (6144K), 6 survivors (6144K)
 Metaspace       used 108678K, committed 110720K, reserved 1179648K
  class space    used 14959K, committed 16000K, reserved 1048576K
}
Event: 13.341 GC heap before
{Heap before GC invocations=33 (full 0):
 garbage-first heap   total 145408K, used 127709K [0x0000000080000000, 0x0000000100000000)
  region size 1024K, 47 young (48128K), 6 survivors (6144K)
 Metaspace       used 110994K, committed 113088K, reserved 1179648K
  class space    used 15222K, committed 16256K, reserved 1048576K
}
Event: 13.349 GC heap after
{Heap after GC invocations=34 (full 0):
 garbage-first heap   total 145408K, used 92835K [0x0000000080000000, 0x0000000100000000)
  region size 1024K, 6 young (6144K), 6 survivors (6144K)
 Metaspace       used 110994K, committed 113088K, reserved 1179648K
  class space    used 15222K, committed 16256K, reserved 1048576K
}
Event: 13.778 GC heap before
{Heap before GC invocations=35 (full 0):
 garbage-first heap   total 167936K, used 133795K [0x0000000080000000, 0x0000000100000000)
  region size 1024K, 42 young (43008K), 6 survivors (6144K)
 Metaspace       used 113894K, committed 115968K, reserved 1179648K
  class space    used 15614K, committed 16640K, reserved 1048576K
}
Event: 13.791 GC heap after
{Heap after GC invocations=36 (full 0):
 garbage-first heap   total 167936K, used 98443K [0x0000000080000000, 0x0000000100000000)
  region size 1024K, 6 young (6144K), 6 survivors (6144K)
 Metaspace       used 113894K, committed 115968K, reserved 1179648K
  class space    used 15614K, committed 16640K, reserved 1048576K
}
Event: 13.966 GC heap before
{Heap before GC invocations=36 (full 0):
 garbage-first heap   total 167936K, used 150667K [0x0000000080000000, 0x0000000100000000)
  region size 1024K, 58 young (59392K), 6 survivors (6144K)
 Metaspace       used 114098K, committed 116160K, reserved 1179648K
  class space    used 15616K, committed 16640K, reserved 1048576K
}
Event: 13.973 GC heap after
{Heap after GC invocations=37 (full 0):
 garbage-first heap   total 201728K, used 99396K [0x0000000080000000, 0x0000000100000000)
  region size 1024K, 4 young (4096K), 4 survivors (4096K)
 Metaspace       used 114098K, committed 116160K, reserved 1179648K
  class space    used 15616K, committed 16640K, reserved 1048576K
}
Event: 14.383 GC heap before
{Heap before GC invocations=37 (full 0):
 garbage-first heap   total 201728K, used 181316K [0x0000000080000000, 0x0000000100000000)
  region size 1024K, 85 young (87040K), 4 survivors (4096K)
 Metaspace       used 114604K, committed 116672K, reserved 1179648K
  class space    used 15675K, committed 16704K, reserved 1048576K
}
Event: 14.391 GC heap after
{Heap after GC invocations=38 (full 0):
 garbage-first heap   total 201728K, used 102540K [0x0000000080000000, 0x0000000100000000)
  region size 1024K, 7 young (7168K), 7 survivors (7168K)
 Metaspace       used 114604K, committed 116672K, reserved 1179648K
  class space    used 15675K, committed 16704K, reserved 1048576K
}
Event: 15.009 GC heap before
{Heap before GC invocations=38 (full 0):
 garbage-first heap   total 201728K, used 180364K [0x0000000080000000, 0x0000000100000000)
  region size 1024K, 84 young (86016K), 7 survivors (7168K)
 Metaspace       used 115568K, committed 117632K, reserved 1179648K
  class space    used 15820K, committed 16832K, reserved 1048576K
}
Event: 15.015 GC heap after
{Heap after GC invocations=39 (full 0):
 garbage-first heap   total 201728K, used 105563K [0x0000000080000000, 0x0000000100000000)
  region size 1024K, 9 young (9216K), 9 survivors (9216K)
 Metaspace       used 115568K, committed 117632K, reserved 1179648K
  class space    used 15820K, committed 16832K, reserved 1048576K
}
Event: 15.509 GC heap before
{Heap before GC invocations=39 (full 0):
 garbage-first heap   total 201728K, used 179291K [0x0000000080000000, 0x0000000100000000)
  region size 1024K, 82 young (83968K), 9 survivors (9216K)
 Metaspace       used 118529K, committed 120768K, reserved 1179648K
  class space    used 16162K, committed 17280K, reserved 1048576K
}
Event: 15.518 GC heap after
{Heap after GC invocations=40 (full 0):
 garbage-first heap   total 201728K, used 110533K [0x0000000080000000, 0x0000000100000000)
  region size 1024K, 10 young (10240K), 10 survivors (10240K)
 Metaspace       used 118529K, committed 120768K, reserved 1179648K
  class space    used 16162K, committed 17280K, reserved 1048576K
}
Event: 25.427 GC heap before
{Heap before GC invocations=41 (full 0):
 garbage-first heap   total 219136K, used 178117K [0x0000000080000000, 0x0000000100000000)
  region size 1024K, 77 young (78848K), 10 survivors (10240K)
 Metaspace       used 121251K, committed 123456K, reserved 1179648K
  class space    used 16570K, committed 17664K, reserved 1048576K
}
Event: 25.441 GC heap after
{Heap after GC invocations=42 (full 0):
 garbage-first heap   total 219136K, used 113582K [0x0000000080000000, 0x0000000100000000)
  region size 1024K, 6 young (6144K), 6 survivors (6144K)
 Metaspace       used 121251K, committed 123456K, reserved 1179648K
  class space    used 16570K, committed 17664K, reserved 1048576K
}
Event: 26.849 GC heap before
{Heap before GC invocations=42 (full 0):
 garbage-first heap   total 219136K, used 197550K [0x0000000080000000, 0x0000000100000000)
  region size 1024K, 89 young (91136K), 6 survivors (6144K)
 Metaspace       used 133000K, committed 135296K, reserved 1179648K
  class space    used 18395K, committed 19584K, reserved 1048576K
}
Event: 26.861 GC heap after
{Heap after GC invocations=43 (full 0):
 garbage-first heap   total 219136K, used 115025K [0x0000000080000000, 0x0000000100000000)
  region size 1024K, 8 young (8192K), 8 survivors (8192K)
 Metaspace       used 133000K, committed 135296K, reserved 1179648K
  class space    used 18395K, committed 19584K, reserved 1048576K
}

